
 NX   Running target serve for project api and 2 tasks it depends on:



> nx run shared-types:build  [local cache]


> nx run api:build  [local cache]

> webpack-cli build --node-env=production

webpack compiled [1m[32msuccessfully[39m[22m (ebce1cd4488e191c)

> nx run api:serve:development

[7m[1m[36m NX [39m[22m[27m  [36mRunning target [1mbuild[22m for project api and [1m1[22m task it depends on:[39m
[2m[36m[39m[22m
[2m> [22m[2mnx run[22m shared-types:build  [2m[existing outputs match the cache, left as is][22m
[2m> [22m[2mnx run[22m api:build:development  [2m[local cache][22m
[2m> [22mwebpack-cli build --node-env=development
webpack compiled [1m[32msuccessfully[39m[22m (ebce1cd4488e191c)
[2m[32m[39m[22m
[7m[1m[32m NX [39m[22m[27m  [32mSuccessfully ran target [1mbuild[22m for project api and [1m1[22m task it depends on[39m
[2mNx read the output from the cache instead of running the command for 2 out of 2 tasks.[22m
[7m[1m[33m NX [39m[22m[27m  [33mNx detected a flaky task[39m
  shared-types:build
Flaky tasks can disrupt your CI pipeline. Automatically retry them with Nx Cloud. Learn more at https://nx.dev/ci/features/flaky-tasks
[1m[31mDebugger listening on ws://localhost:9229/409423ce-4ee4-4b9e-914c-f37357999e16
Debugger listening on ws://localhost:9229/409423ce-4ee4-4b9e-914c-f37357999e16
For help, see: https://nodejs.org/en/docs/inspector
[39m[22m
[32m[Nest] 162967  - [39m04/02/2026, 2:16:43 AM [32m    LOG[39m [38;5;3m[NestFactory] [39m[32mStarting Nest application...[39m
[32m[Nest] 162967  - [39m04/02/2026, 2:16:43 AM [32m    LOG[39m [38;5;3m[InstanceLoader] [39m[32mAppModule dependencies initialized[39m[38;5;3m +16ms[39m
[32m[Nest] 162967  - [39m04/02/2026, 2:16:43 AM [32m    LOG[39m [38;5;3m[RoutesResolver] [39m[32mAppController {/api}:[39m[38;5;3m +5ms[39m
[32m[Nest] 162967  - [39m04/02/2026, 2:16:43 AM [32m    LOG[39m [38;5;3m[RouterExplorer] [39m[32mMapped {/api, GET} route[39m[38;5;3m +6ms[39m
[32m[Nest] 162967  - [39m04/02/2026, 2:16:43 AM [32m    LOG[39m [38;5;3m[RoutesResolver] [39m[32mSpeakerController {/api/speakers}:[39m[38;5;3m +0ms[39m
[32m[Nest] 162967  - [39m04/02/2026, 2:16:43 AM [32m    LOG[39m [38;5;3m[RouterExplorer] [39m[32mMapped {/api/speakers, POST} route[39m[38;5;3m +2ms[39m
[32m[Nest] 162967  - [39m04/02/2026, 2:16:43 AM [32m    LOG[39m [38;5;3m[RouterExplorer] [39m[32mMapped {/api/speakers, GET} route[39m[38;5;3m +0ms[39m
[32m[Nest] 162967  - [39m04/02/2026, 2:16:43 AM [32m    LOG[39m [38;5;3m[RoutesResolver] [39m[32mEventController {/api/events}:[39m[38;5;3m +0ms[39m
[32m[Nest] 162967  - [39m04/02/2026, 2:16:43 AM [32m    LOG[39m [38;5;3m[RouterExplorer] [39m[32mMapped {/api/events, POST} route[39m[38;5;3m +1ms[39m
[32m[Nest] 162967  - [39m04/02/2026, 2:16:43 AM [32m    LOG[39m [38;5;3m[RouterExplorer] [39m[32mMapped {/api/events, GET} route[39m[38;5;3m +1ms[39m
[32m[Nest] 162967  - [39m04/02/2026, 2:16:43 AM [32m    LOG[39m [38;5;3m[NestApplication] [39m[32mNest application successfully started[39m[38;5;3m +3ms[39m
[32m[Nest] 162967  - [39m04/02/2026, 2:16:43 AM [32m    LOG[39m [32m🚀 Application is running on: http://localhost:3000/api[39m
